<?xml version="1.0" encoding="UTF-8"?>
<!-- Generated by org.testng.reporters.JUnitReportReporter -->
<testsuite hostname="CHN-s" failures="0" tests="1" name="com.amazon.in.qa.testcases.TC_SearchbarTest" time="43.649" errors="0" timestamp="2023-08-03T00:24:03 IST" skipped="0">
  <testcase classname="com.amazon.in.qa.testcases.TC_SearchbarTest" name="get_5th_Item_From_Search_Results" time="43.649"/>
  <system-out/>
</testsuite> <!-- com.amazon.in.qa.testcases.TC_SearchbarTest -->
